<?xml version="1.0" encoding="UTF-8"?>
<!-- Generated by org.testng.reporters.JUnitReportReporter -->
<testsuite hostname="RAYAN" failures="0" tests="1" name="Egg_TestRunner.Egg_TestRunner" time="10.979" errors="0" timestamp="2023-09-25T15:34:23 EDT" skipped="0">
  <testcase classname="Egg_TestRunner.Egg_TestRunner" name="feature" time="10.979"/>
</testsuite> <!-- Egg_TestRunner.Egg_TestRunner -->
